<examples:ExamplePage xmlns="http://www.nativescript.org/tns.xsd" xmlns:examples="examples/example-base-page" loaded="pageLoaded">
  <GridLayout loaded="exampleLoaded">
    <Button text="EXAMPLEEEE!" tap="exampleTap" margin="20 20 60 20" />
  </GridLayout>
</examples:ExamplePage>