<Page xmlns="http://www.nativescript.org/tns.xsd" loaded="pageLoaded">
  <GridLayout loaded="exampleLoaded">
    <Button text="EXAMPLEEEE!" tap="exampleTap" margin="20 20 60 20" />
  </GridLayout>
</Page>